[2.204s] Invoking command in '/home/pankaj/roschallenge_ws/src/hello_ros2': PYTHONPATH=/home/pankaj/roschallenge_ws/build/hello_ros2/prefix_override:/home/pankaj/roschallenge_ws/install/hello_ros2/lib/python3.10/site-packages:${PYTHONPATH} /usr/bin/python3 setup.py egg_info --egg-base ../../build/hello_ros2 build --build-base /home/pankaj/roschallenge_ws/build/hello_ros2/build install --record /home/pankaj/roschallenge_ws/build/hello_ros2/install.log --single-version-externally-managed
[2.805s] running egg_info
[2.806s] writing ../../build/hello_ros2/hello_ros2.egg-info/PKG-INFO
[2.806s] writing dependency_links to ../../build/hello_ros2/hello_ros2.egg-info/dependency_links.txt
[2.806s] writing entry points to ../../build/hello_ros2/hello_ros2.egg-info/entry_points.txt
[2.806s] writing requirements to ../../build/hello_ros2/hello_ros2.egg-info/requires.txt
[2.807s] writing top-level names to ../../build/hello_ros2/hello_ros2.egg-info/top_level.txt
[2.811s] reading manifest file '../../build/hello_ros2/hello_ros2.egg-info/SOURCES.txt'
[2.814s] writing manifest file '../../build/hello_ros2/hello_ros2.egg-info/SOURCES.txt'
[2.815s] running build
[2.815s] running build_py
[2.815s] copying hello_ros2/publisher.py -> /home/pankaj/roschallenge_ws/build/hello_ros2/build/lib/hello_ros2
[2.816s] running install
[2.817s] running install_lib
[2.819s] copying /home/pankaj/roschallenge_ws/build/hello_ros2/build/lib/hello_ros2/publisher.py -> /home/pankaj/roschallenge_ws/install/hello_ros2/lib/python3.10/site-packages/hello_ros2
[2.820s] byte-compiling /home/pankaj/roschallenge_ws/install/hello_ros2/lib/python3.10/site-packages/hello_ros2/publisher.py to publisher.cpython-310.pyc
[2.820s] running install_data
[2.821s] running install_egg_info
[2.824s] removing '/home/pankaj/roschallenge_ws/install/hello_ros2/lib/python3.10/site-packages/hello_ros2-0.0.0-py3.10.egg-info' (and everything under it)
[2.824s] Copying ../../build/hello_ros2/hello_ros2.egg-info to /home/pankaj/roschallenge_ws/install/hello_ros2/lib/python3.10/site-packages/hello_ros2-0.0.0-py3.10.egg-info
[2.828s] running install_scripts
[2.869s] Installing publisher_node script to /home/pankaj/roschallenge_ws/install/hello_ros2/lib/hello_ros2
[2.870s] Installing subscriber_node script to /home/pankaj/roschallenge_ws/install/hello_ros2/lib/hello_ros2
[2.870s] writing list of installed files to '/home/pankaj/roschallenge_ws/build/hello_ros2/install.log'
[2.942s] Invoked command in '/home/pankaj/roschallenge_ws/src/hello_ros2' returned '0': PYTHONPATH=/home/pankaj/roschallenge_ws/build/hello_ros2/prefix_override:/home/pankaj/roschallenge_ws/install/hello_ros2/lib/python3.10/site-packages:${PYTHONPATH} /usr/bin/python3 setup.py egg_info --egg-base ../../build/hello_ros2 build --build-base /home/pankaj/roschallenge_ws/build/hello_ros2/build install --record /home/pankaj/roschallenge_ws/build/hello_ros2/install.log --single-version-externally-managed
