running egg_info
creating ../build/hello_ros2/hello_ros2.egg-info
writing ../build/hello_ros2/hello_ros2.egg-info/PKG-INFO
writing dependency_links to ../build/hello_ros2/hello_ros2.egg-info/dependency_links.txt
writing entry points to ../build/hello_ros2/hello_ros2.egg-info/entry_points.txt
writing requirements to ../build/hello_ros2/hello_ros2.egg-info/requires.txt
writing top-level names to ../build/hello_ros2/hello_ros2.egg-info/top_level.txt
writing manifest file '../build/hello_ros2/hello_ros2.egg-info/SOURCES.txt'
reading manifest file '../build/hello_ros2/hello_ros2.egg-info/SOURCES.txt'
writing manifest file '../build/hello_ros2/hello_ros2.egg-info/SOURCES.txt'
running build
running build_py
creating /home/pankaj/roschallenge_ws/src/build/hello_ros2/build
creating /home/pankaj/roschallenge_ws/src/build/hello_ros2/build/lib
creating /home/pankaj/roschallenge_ws/src/build/hello_ros2/build/lib/hello_ros2
copying hello_ros2/__init__.py -> /home/pankaj/roschallenge_ws/src/build/hello_ros2/build/lib/hello_ros2
copying hello_ros2/subscriber.py -> /home/pankaj/roschallenge_ws/src/build/hello_ros2/build/lib/hello_ros2
copying hello_ros2/publisher.py -> /home/pankaj/roschallenge_ws/src/build/hello_ros2/build/lib/hello_ros2
running install
running install_lib
creating /home/pankaj/roschallenge_ws/src/install/hello_ros2/lib/python3.10/site-packages/hello_ros2
copying /home/pankaj/roschallenge_ws/src/build/hello_ros2/build/lib/hello_ros2/__init__.py -> /home/pankaj/roschallenge_ws/src/install/hello_ros2/lib/python3.10/site-packages/hello_ros2
copying /home/pankaj/roschallenge_ws/src/build/hello_ros2/build/lib/hello_ros2/subscriber.py -> /home/pankaj/roschallenge_ws/src/install/hello_ros2/lib/python3.10/site-packages/hello_ros2
copying /home/pankaj/roschallenge_ws/src/build/hello_ros2/build/lib/hello_ros2/publisher.py -> /home/pankaj/roschallenge_ws/src/install/hello_ros2/lib/python3.10/site-packages/hello_ros2
byte-compiling /home/pankaj/roschallenge_ws/src/install/hello_ros2/lib/python3.10/site-packages/hello_ros2/__init__.py to __init__.cpython-310.pyc
byte-compiling /home/pankaj/roschallenge_ws/src/install/hello_ros2/lib/python3.10/site-packages/hello_ros2/subscriber.py to subscriber.cpython-310.pyc
byte-compiling /home/pankaj/roschallenge_ws/src/install/hello_ros2/lib/python3.10/site-packages/hello_ros2/publisher.py to publisher.cpython-310.pyc
running install_data
creating /home/pankaj/roschallenge_ws/src/install/hello_ros2/share/ament_index
creating /home/pankaj/roschallenge_ws/src/install/hello_ros2/share/ament_index/resource_index
creating /home/pankaj/roschallenge_ws/src/install/hello_ros2/share/ament_index/resource_index/packages
copying resource/hello_ros2 -> /home/pankaj/roschallenge_ws/src/install/hello_ros2/share/ament_index/resource_index/packages
copying package.xml -> /home/pankaj/roschallenge_ws/src/install/hello_ros2/share/hello_ros2
running install_egg_info
Copying ../build/hello_ros2/hello_ros2.egg-info to /home/pankaj/roschallenge_ws/src/install/hello_ros2/lib/python3.10/site-packages/hello_ros2-0.0.0-py3.10.egg-info
running install_scripts
writing list of installed files to '/home/pankaj/roschallenge_ws/src/build/hello_ros2/install.log'
