[3.694s] DEBUG:colcon:Command line arguments: ['/usr/bin/colcon', 'build']
[3.694s] DEBUG:colcon:Parsed command line arguments: Namespace(log_base=None, log_level=None, verb_name='build', build_base='build', install_base='install', merge_install=False, symlink_install=False, test_result_base=None, continue_on_error=False, executor='parallel', parallel_workers=8, event_handlers=None, ignore_user_meta=False, metas=['./colcon.meta'], base_paths=['.'], packages_ignore=None, packages_ignore_regex=None, paths=None, packages_up_to=None, packages_up_to_regex=None, packages_above=None, packages_above_and_dependencies=None, packages_above_depth=None, packages_select_by_dep=None, packages_skip_by_dep=None, packages_skip_up_to=None, packages_select_build_failed=False, packages_skip_build_finished=False, packages_select_test_failures=False, packages_skip_test_passed=False, packages_select=None, packages_skip=None, packages_select_regex=None, packages_skip_regex=None, packages_start=None, packages_end=None, allow_overriding=[], cmake_args=None, cmake_target=None, cmake_target_skip_unavailable=False, cmake_clean_cache=False, cmake_clean_first=False, cmake_force_configure=False, ament_cmake_args=None, catkin_cmake_args=None, catkin_skip_building_tests=False, verb_parser=<colcon_defaults.argument_parser.defaults.DefaultArgumentsDecorator object at 0x78160de194e0>, verb_extension=<colcon_core.verb.build.BuildVerb object at 0x78160f0927a0>, main=<bound method BuildVerb.main of <colcon_core.verb.build.BuildVerb object at 0x78160f0927a0>>)
[3.842s] Level 1:colcon.colcon_core.package_discovery:discover_packages(colcon_meta) check parameters
[3.843s] Level 1:colcon.colcon_core.package_discovery:discover_packages(recursive) check parameters
[3.843s] Level 1:colcon.colcon_core.package_discovery:discover_packages(ignore) check parameters
[3.843s] Level 1:colcon.colcon_core.package_discovery:discover_packages(path) check parameters
[3.843s] Level 1:colcon.colcon_core.package_discovery:discover_packages(colcon_meta) discover
[3.843s] Level 1:colcon.colcon_core.package_discovery:discover_packages(recursive) discover
[3.843s] INFO:colcon.colcon_core.package_discovery:Crawling recursively for packages in '/home/pankaj/roschallenge_ws'
[3.844s] Level 1:colcon.colcon_core.package_identification:_identify(.) by extensions ['ignore', 'ignore_ament_install']
[3.844s] Level 1:colcon.colcon_core.package_identification:_identify(.) by extension 'ignore'
[3.844s] Level 1:colcon.colcon_core.package_identification:_identify(.) by extension 'ignore_ament_install'
[3.844s] Level 1:colcon.colcon_core.package_identification:_identify(.) by extensions ['colcon_pkg']
[3.844s] Level 1:colcon.colcon_core.package_identification:_identify(.) by extension 'colcon_pkg'
[3.844s] Level 1:colcon.colcon_core.package_identification:_identify(.) by extensions ['colcon_meta']
[3.844s] Level 1:colcon.colcon_core.package_identification:_identify(.) by extension 'colcon_meta'
[3.844s] Level 1:colcon.colcon_core.package_identification:_identify(.) by extensions ['ros']
[3.844s] Level 1:colcon.colcon_core.package_identification:_identify(.) by extension 'ros'
[3.911s] Level 1:colcon.colcon_core.package_identification:_identify(.) by extensions ['cmake', 'python']
[3.911s] Level 1:colcon.colcon_core.package_identification:_identify(.) by extension 'cmake'
[3.911s] Level 1:colcon.colcon_core.package_identification:_identify(.) by extension 'python'
[3.912s] Level 1:colcon.colcon_core.package_identification:_identify(.) by extensions ['python_setup_py']
[3.912s] Level 1:colcon.colcon_core.package_identification:_identify(.) by extension 'python_setup_py'
[3.912s] Level 1:colcon.colcon_core.package_identification:_identify(build) by extensions ['ignore', 'ignore_ament_install']
[3.912s] Level 1:colcon.colcon_core.package_identification:_identify(build) by extension 'ignore'
[3.912s] Level 1:colcon.colcon_core.package_identification:_identify(build) ignored
[3.912s] Level 1:colcon.colcon_core.package_identification:_identify(install) by extensions ['ignore', 'ignore_ament_install']
[3.912s] Level 1:colcon.colcon_core.package_identification:_identify(install) by extension 'ignore'
[3.912s] Level 1:colcon.colcon_core.package_identification:_identify(install) ignored
[3.912s] Level 1:colcon.colcon_core.package_identification:_identify(log) by extensions ['ignore', 'ignore_ament_install']
[3.913s] Level 1:colcon.colcon_core.package_identification:_identify(log) by extension 'ignore'
[3.913s] Level 1:colcon.colcon_core.package_identification:_identify(log) ignored
[3.913s] Level 1:colcon.colcon_core.package_identification:_identify(src) by extensions ['ignore', 'ignore_ament_install']
[3.913s] Level 1:colcon.colcon_core.package_identification:_identify(src) by extension 'ignore'
[3.913s] Level 1:colcon.colcon_core.package_identification:_identify(src) by extension 'ignore_ament_install'
[3.913s] Level 1:colcon.colcon_core.package_identification:_identify(src) by extensions ['colcon_pkg']
[3.913s] Level 1:colcon.colcon_core.package_identification:_identify(src) by extension 'colcon_pkg'
[3.913s] Level 1:colcon.colcon_core.package_identification:_identify(src) by extensions ['colcon_meta']
[3.913s] Level 1:colcon.colcon_core.package_identification:_identify(src) by extension 'colcon_meta'
[3.913s] Level 1:colcon.colcon_core.package_identification:_identify(src) by extensions ['ros']
[3.913s] Level 1:colcon.colcon_core.package_identification:_identify(src) by extension 'ros'
[3.913s] Level 1:colcon.colcon_core.package_identification:_identify(src) by extensions ['cmake', 'python']
[3.914s] Level 1:colcon.colcon_core.package_identification:_identify(src) by extension 'cmake'
[3.914s] Level 1:colcon.colcon_core.package_identification:_identify(src) by extension 'python'
[3.914s] Level 1:colcon.colcon_core.package_identification:_identify(src) by extensions ['python_setup_py']
[3.914s] Level 1:colcon.colcon_core.package_identification:_identify(src) by extension 'python_setup_py'
[3.914s] Level 1:colcon.colcon_core.package_identification:_identify(src/build) by extensions ['ignore', 'ignore_ament_install']
[3.914s] Level 1:colcon.colcon_core.package_identification:_identify(src/build) by extension 'ignore'
[3.914s] Level 1:colcon.colcon_core.package_identification:_identify(src/build) ignored
[3.914s] Level 1:colcon.colcon_core.package_identification:_identify(src/hello_ros2) by extensions ['ignore', 'ignore_ament_install']
[3.915s] Level 1:colcon.colcon_core.package_identification:_identify(src/hello_ros2) by extension 'ignore'
[3.915s] Level 1:colcon.colcon_core.package_identification:_identify(src/hello_ros2) by extension 'ignore_ament_install'
[3.915s] Level 1:colcon.colcon_core.package_identification:_identify(src/hello_ros2) by extensions ['colcon_pkg']
[3.915s] Level 1:colcon.colcon_core.package_identification:_identify(src/hello_ros2) by extension 'colcon_pkg'
[3.915s] Level 1:colcon.colcon_core.package_identification:_identify(src/hello_ros2) by extensions ['colcon_meta']
[3.915s] Level 1:colcon.colcon_core.package_identification:_identify(src/hello_ros2) by extension 'colcon_meta'
[3.915s] Level 1:colcon.colcon_core.package_identification:_identify(src/hello_ros2) by extensions ['ros']
[3.915s] Level 1:colcon.colcon_core.package_identification:_identify(src/hello_ros2) by extension 'ros'
[3.925s] DEBUG:colcon.colcon_core.package_identification:Package 'src/hello_ros2' with type 'ros.ament_python' and name 'hello_ros2'
[3.926s] Level 1:colcon.colcon_core.package_identification:_identify(src/install) by extensions ['ignore', 'ignore_ament_install']
[3.926s] Level 1:colcon.colcon_core.package_identification:_identify(src/install) by extension 'ignore'
[3.926s] Level 1:colcon.colcon_core.package_identification:_identify(src/install) ignored
[3.926s] Level 1:colcon.colcon_core.package_identification:_identify(src/log) by extensions ['ignore', 'ignore_ament_install']
[3.927s] Level 1:colcon.colcon_core.package_identification:_identify(src/log) by extension 'ignore'
[3.927s] Level 1:colcon.colcon_core.package_identification:_identify(src/log) ignored
[3.927s] Level 1:colcon.colcon_core.package_discovery:discover_packages(recursive) using defaults
[3.927s] Level 1:colcon.colcon_core.package_discovery:discover_packages(ignore) discover
[3.927s] Level 1:colcon.colcon_core.package_discovery:discover_packages(ignore) using defaults
[3.927s] Level 1:colcon.colcon_core.package_discovery:discover_packages(path) discover
[3.927s] Level 1:colcon.colcon_core.package_discovery:discover_packages(path) using defaults
[4.491s] Level 1:colcon.colcon_core.package_discovery:discover_packages(prefix_path) check parameters
[4.491s] Level 1:colcon.colcon_core.package_discovery:discover_packages(prefix_path) discover
[4.667s] DEBUG:colcon.colcon_installed_package_information.package_discovery:Found 1 installed packages in /home/pankaj/roschallenge_ws/install
[4.704s] DEBUG:colcon.colcon_installed_package_information.package_discovery:Found 4 installed packages in /home/pankaj/firstros2_ws/install
[4.750s] DEBUG:colcon.colcon_installed_package_information.package_discovery:Found 3 installed packages in /home/pankaj/turtlebot3_ws/install
[4.811s] DEBUG:colcon.colcon_installed_package_information.package_discovery:Found 343 installed packages in /opt/ros/humble
[4.815s] Level 1:colcon.colcon_core.package_discovery:discover_packages(prefix_path) using defaults
[5.126s] Level 5:colcon.colcon_core.verb:set package 'hello_ros2' build argument 'cmake_args' from command line to 'None'
[5.126s] Level 5:colcon.colcon_core.verb:set package 'hello_ros2' build argument 'cmake_target' from command line to 'None'
[5.127s] Level 5:colcon.colcon_core.verb:set package 'hello_ros2' build argument 'cmake_target_skip_unavailable' from command line to 'False'
[5.127s] Level 5:colcon.colcon_core.verb:set package 'hello_ros2' build argument 'cmake_clean_cache' from command line to 'False'
[5.128s] Level 5:colcon.colcon_core.verb:set package 'hello_ros2' build argument 'cmake_clean_first' from command line to 'False'
[5.128s] Level 5:colcon.colcon_core.verb:set package 'hello_ros2' build argument 'cmake_force_configure' from command line to 'False'
[5.128s] Level 5:colcon.colcon_core.verb:set package 'hello_ros2' build argument 'ament_cmake_args' from command line to 'None'
[5.128s] Level 5:colcon.colcon_core.verb:set package 'hello_ros2' build argument 'catkin_cmake_args' from command line to 'None'
[5.128s] Level 5:colcon.colcon_core.verb:set package 'hello_ros2' build argument 'catkin_skip_building_tests' from command line to 'False'
[5.128s] DEBUG:colcon.colcon_core.verb:Building package 'hello_ros2' with the following arguments: {'ament_cmake_args': None, 'build_base': '/home/pankaj/roschallenge_ws/build/hello_ros2', 'catkin_cmake_args': None, 'catkin_skip_building_tests': False, 'cmake_args': None, 'cmake_clean_cache': False, 'cmake_clean_first': False, 'cmake_force_configure': False, 'cmake_target': None, 'cmake_target_skip_unavailable': False, 'install_base': '/home/pankaj/roschallenge_ws/install/hello_ros2', 'merge_install': False, 'path': '/home/pankaj/roschallenge_ws/src/hello_ros2', 'symlink_install': False, 'test_result_base': None}
[5.176s] INFO:colcon.colcon_core.executor:Executing jobs using 'parallel' executor
[5.212s] DEBUG:colcon.colcon_parallel_executor.executor.parallel:run_until_complete
[5.213s] INFO:colcon.colcon_ros.task.ament_python.build:Building ROS package in '/home/pankaj/roschallenge_ws/src/hello_ros2' with build type 'ament_python'
[5.213s] Level 1:colcon.colcon_core.shell:create_environment_hook('hello_ros2', 'ament_prefix_path')
[5.287s] INFO:colcon.colcon_core.plugin_system:Skipping extension 'colcon_core.shell.bat': Not used on non-Windows systems
[5.290s] INFO:colcon.colcon_core.shell:Creating environment hook '/home/pankaj/roschallenge_ws/install/hello_ros2/share/hello_ros2/hook/ament_prefix_path.ps1'
[5.293s] INFO:colcon.colcon_core.shell:Creating environment descriptor '/home/pankaj/roschallenge_ws/install/hello_ros2/share/hello_ros2/hook/ament_prefix_path.dsv'
[5.295s] INFO:colcon.colcon_core.shell:Creating environment hook '/home/pankaj/roschallenge_ws/install/hello_ros2/share/hello_ros2/hook/ament_prefix_path.sh'
[5.390s] INFO:colcon.colcon_core.shell:Skip shell extension 'powershell' for command environment: Not usable outside of PowerShell
[5.391s] DEBUG:colcon.colcon_core.shell:Skip shell extension 'dsv' for command environment
[6.783s] INFO:colcon.colcon_core.task.python.build:Building Python package in '/home/pankaj/roschallenge_ws/src/hello_ros2'
[6.862s] INFO:colcon.colcon_core.shell:Skip shell extension 'powershell' for command environment: Not usable outside of PowerShell
[6.862s] DEBUG:colcon.colcon_core.shell:Skip shell extension 'dsv' for command environment
[8.381s] DEBUG:colcon.colcon_core.event_handler.log_command:Invoking command in '/home/pankaj/roschallenge_ws/src/hello_ros2': PYTHONPATH=/home/pankaj/roschallenge_ws/build/hello_ros2/prefix_override:/home/pankaj/roschallenge_ws/install/hello_ros2/lib/python3.10/site-packages:${PYTHONPATH} /usr/bin/python3 setup.py egg_info --egg-base ../../build/hello_ros2 build --build-base /home/pankaj/roschallenge_ws/build/hello_ros2/build install --record /home/pankaj/roschallenge_ws/build/hello_ros2/install.log --single-version-externally-managed
[9.210s] DEBUG:colcon.colcon_core.event_handler.log_command:Invoked command in '/home/pankaj/roschallenge_ws/src/hello_ros2' returned '0': PYTHONPATH=/home/pankaj/roschallenge_ws/build/hello_ros2/prefix_override:/home/pankaj/roschallenge_ws/install/hello_ros2/lib/python3.10/site-packages:${PYTHONPATH} /usr/bin/python3 setup.py egg_info --egg-base ../../build/hello_ros2 build --build-base /home/pankaj/roschallenge_ws/build/hello_ros2/build install --record /home/pankaj/roschallenge_ws/build/hello_ros2/install.log --single-version-externally-managed
[9.247s] Level 1:colcon.colcon_core.environment:checking '/home/pankaj/roschallenge_ws/install/hello_ros2' for CMake module files
[9.248s] Level 1:colcon.colcon_core.environment:checking '/home/pankaj/roschallenge_ws/install/hello_ros2' for CMake config files
[9.251s] Level 1:colcon.colcon_core.environment:checking '/home/pankaj/roschallenge_ws/install/hello_ros2/lib'
[9.251s] Level 1:colcon.colcon_core.environment:checking '/home/pankaj/roschallenge_ws/install/hello_ros2/bin'
[9.252s] Level 1:colcon.colcon_core.environment:checking '/home/pankaj/roschallenge_ws/install/hello_ros2/lib/pkgconfig/hello_ros2.pc'
[9.253s] Level 1:colcon.colcon_core.environment:checking '/home/pankaj/roschallenge_ws/install/hello_ros2/lib/python3.10/site-packages'
[9.253s] Level 1:colcon.colcon_core.shell:create_environment_hook('hello_ros2', 'pythonpath')
[9.305s] INFO:colcon.colcon_core.shell:Creating environment hook '/home/pankaj/roschallenge_ws/install/hello_ros2/share/hello_ros2/hook/pythonpath.ps1'
[9.305s] INFO:colcon.colcon_core.shell:Creating environment descriptor '/home/pankaj/roschallenge_ws/install/hello_ros2/share/hello_ros2/hook/pythonpath.dsv'
[9.306s] INFO:colcon.colcon_core.shell:Creating environment hook '/home/pankaj/roschallenge_ws/install/hello_ros2/share/hello_ros2/hook/pythonpath.sh'
[9.307s] Level 1:colcon.colcon_core.environment:checking '/home/pankaj/roschallenge_ws/install/hello_ros2/bin'
[9.307s] Level 1:colcon.colcon_core.environment:create_environment_scripts_only(hello_ros2)
[9.354s] INFO:colcon.colcon_core.shell:Creating package script '/home/pankaj/roschallenge_ws/install/hello_ros2/share/hello_ros2/package.ps1'
[9.356s] INFO:colcon.colcon_core.shell:Creating package descriptor '/home/pankaj/roschallenge_ws/install/hello_ros2/share/hello_ros2/package.dsv'
[9.358s] INFO:colcon.colcon_core.shell:Creating package script '/home/pankaj/roschallenge_ws/install/hello_ros2/share/hello_ros2/package.sh'
[9.360s] INFO:colcon.colcon_core.shell:Creating package script '/home/pankaj/roschallenge_ws/install/hello_ros2/share/hello_ros2/package.bash'
[9.361s] INFO:colcon.colcon_core.shell:Creating package script '/home/pankaj/roschallenge_ws/install/hello_ros2/share/hello_ros2/package.zsh'
[9.362s] Level 1:colcon.colcon_core.environment:create_file_with_runtime_dependencies(/home/pankaj/roschallenge_ws/install/hello_ros2/share/colcon-core/packages/hello_ros2)
[9.363s] DEBUG:colcon.colcon_parallel_executor.executor.parallel:closing loop
[9.364s] DEBUG:colcon.colcon_parallel_executor.executor.parallel:loop closed
[9.365s] DEBUG:colcon.colcon_parallel_executor.executor.parallel:run_until_complete finished with '0'
[9.365s] DEBUG:colcon.colcon_core.event_reactor:joining thread
[9.427s] INFO:colcon.colcon_core.plugin_system:Skipping extension 'colcon_notification.desktop_notification.terminal_notifier': Not used on non-Darwin systems
[9.428s] INFO:colcon.colcon_core.plugin_system:Skipping extension 'colcon_notification.desktop_notification.win32': Not used on non-Windows systems
[9.428s] INFO:colcon.colcon_notification.desktop_notification:Sending desktop notification using 'notify2'
[9.449s] DEBUG:colcon.colcon_core.event_reactor:joined thread
[9.504s] INFO:colcon.colcon_core.shell:Creating prefix script '/home/pankaj/roschallenge_ws/install/local_setup.ps1'
[9.505s] INFO:colcon.colcon_core.shell:Creating prefix util module '/home/pankaj/roschallenge_ws/install/_local_setup_util_ps1.py'
[9.512s] INFO:colcon.colcon_core.shell:Creating prefix chain script '/home/pankaj/roschallenge_ws/install/setup.ps1'
[9.570s] INFO:colcon.colcon_core.shell:Creating prefix script '/home/pankaj/roschallenge_ws/install/local_setup.sh'
[9.573s] INFO:colcon.colcon_core.shell:Creating prefix util module '/home/pankaj/roschallenge_ws/install/_local_setup_util_sh.py'
[9.577s] INFO:colcon.colcon_core.shell:Creating prefix chain script '/home/pankaj/roschallenge_ws/install/setup.sh'
[9.645s] INFO:colcon.colcon_core.shell:Creating prefix script '/home/pankaj/roschallenge_ws/install/local_setup.bash'
[9.646s] INFO:colcon.colcon_core.shell:Creating prefix chain script '/home/pankaj/roschallenge_ws/install/setup.bash'
[9.695s] INFO:colcon.colcon_core.shell:Creating prefix script '/home/pankaj/roschallenge_ws/install/local_setup.zsh'
[9.696s] INFO:colcon.colcon_core.shell:Creating prefix chain script '/home/pankaj/roschallenge_ws/install/setup.zsh'
