[4.168s] DEBUG:colcon:Command line arguments: ['/usr/bin/colcon', 'list', '-p', '--base-paths', '/home/pankaj/roschallenge_ws']
[4.169s] DEBUG:colcon:Parsed command line arguments: Namespace(log_base=None, log_level=None, verb_name='list', build_base='build', ignore_user_meta=False, metas=['./colcon.meta'], base_paths=['/home/pankaj/roschallenge_ws'], packages_ignore=None, packages_ignore_regex=None, paths=None, packages_up_to=None, packages_up_to_regex=None, packages_above=None, packages_above_and_dependencies=None, packages_above_depth=None, packages_select_by_dep=None, packages_skip_by_dep=None, packages_skip_up_to=None, packages_select_build_failed=False, packages_skip_build_finished=False, packages_select_test_failures=False, packages_skip_test_passed=False, packages_select=None, packages_skip=None, packages_select_regex=None, packages_skip_regex=None, packages_start=None, packages_end=None, allow_overriding=[], topological_order=False, names_only=False, paths_only=True, topological_graph=False, topological_graph_dot=False, topological_graph_density=False, topological_graph_legend=False, topological_graph_dot_cluster=False, topological_graph_dot_include_skipped=False, verb_parser=<colcon_defaults.argument_parser.defaults.DefaultArgumentsDecorator object at 0x702fa1e0e530>, verb_extension=<colcon_package_information.verb.list.ListVerb object at 0x702fa1f90970>, main=<bound method ListVerb.main of <colcon_package_information.verb.list.ListVerb object at 0x702fa1f90970>>)
[4.366s] Level 1:colcon.colcon_core.package_discovery:discover_packages(colcon_meta) check parameters
[4.366s] Level 1:colcon.colcon_core.package_discovery:discover_packages(recursive) check parameters
[4.366s] Level 1:colcon.colcon_core.package_discovery:discover_packages(ignore) check parameters
[4.366s] Level 1:colcon.colcon_core.package_discovery:discover_packages(path) check parameters
[4.366s] Level 1:colcon.colcon_core.package_discovery:discover_packages(recursive) discover
[4.366s] INFO:colcon.colcon_core.package_discovery:Crawling recursively for packages in '/home/pankaj/roschallenge_ws'
[4.367s] Level 1:colcon.colcon_core.package_identification:_identify(/home/pankaj/roschallenge_ws) by extensions ['ignore', 'ignore_ament_install']
[4.367s] Level 1:colcon.colcon_core.package_identification:_identify(/home/pankaj/roschallenge_ws) by extension 'ignore'
[4.367s] Level 1:colcon.colcon_core.package_identification:_identify(/home/pankaj/roschallenge_ws) by extension 'ignore_ament_install'
[4.367s] Level 1:colcon.colcon_core.package_identification:_identify(/home/pankaj/roschallenge_ws) by extensions ['colcon_pkg']
[4.368s] Level 1:colcon.colcon_core.package_identification:_identify(/home/pankaj/roschallenge_ws) by extension 'colcon_pkg'
[4.368s] Level 1:colcon.colcon_core.package_identification:_identify(/home/pankaj/roschallenge_ws) by extensions ['colcon_meta']
[4.368s] Level 1:colcon.colcon_core.package_identification:_identify(/home/pankaj/roschallenge_ws) by extension 'colcon_meta'
[4.368s] Level 1:colcon.colcon_core.package_identification:_identify(/home/pankaj/roschallenge_ws) by extensions ['ros']
[4.368s] Level 1:colcon.colcon_core.package_identification:_identify(/home/pankaj/roschallenge_ws) by extension 'ros'
[4.434s] Level 1:colcon.colcon_core.package_identification:_identify(/home/pankaj/roschallenge_ws) by extensions ['cmake', 'python']
[4.434s] Level 1:colcon.colcon_core.package_identification:_identify(/home/pankaj/roschallenge_ws) by extension 'cmake'
[4.434s] Level 1:colcon.colcon_core.package_identification:_identify(/home/pankaj/roschallenge_ws) by extension 'python'
[4.434s] Level 1:colcon.colcon_core.package_identification:_identify(/home/pankaj/roschallenge_ws) by extensions ['python_setup_py']
[4.434s] Level 1:colcon.colcon_core.package_identification:_identify(/home/pankaj/roschallenge_ws) by extension 'python_setup_py'
[4.435s] Level 1:colcon.colcon_core.package_identification:_identify(/home/pankaj/roschallenge_ws/build) by extensions ['ignore', 'ignore_ament_install']
[4.435s] Level 1:colcon.colcon_core.package_identification:_identify(/home/pankaj/roschallenge_ws/build) by extension 'ignore'
[4.435s] Level 1:colcon.colcon_core.package_identification:_identify(/home/pankaj/roschallenge_ws/build) ignored
[4.435s] Level 1:colcon.colcon_core.package_identification:_identify(/home/pankaj/roschallenge_ws/install) by extensions ['ignore', 'ignore_ament_install']
[4.436s] Level 1:colcon.colcon_core.package_identification:_identify(/home/pankaj/roschallenge_ws/install) by extension 'ignore'
[4.436s] Level 1:colcon.colcon_core.package_identification:_identify(/home/pankaj/roschallenge_ws/install) ignored
[4.436s] Level 1:colcon.colcon_core.package_identification:_identify(/home/pankaj/roschallenge_ws/log) by extensions ['ignore', 'ignore_ament_install']
[4.437s] Level 1:colcon.colcon_core.package_identification:_identify(/home/pankaj/roschallenge_ws/log) by extension 'ignore'
[4.437s] Level 1:colcon.colcon_core.package_identification:_identify(/home/pankaj/roschallenge_ws/log) ignored
[4.437s] Level 1:colcon.colcon_core.package_identification:_identify(/home/pankaj/roschallenge_ws/src) by extensions ['ignore', 'ignore_ament_install']
[4.437s] Level 1:colcon.colcon_core.package_identification:_identify(/home/pankaj/roschallenge_ws/src) by extension 'ignore'
[4.438s] Level 1:colcon.colcon_core.package_identification:_identify(/home/pankaj/roschallenge_ws/src) by extension 'ignore_ament_install'
[4.438s] Level 1:colcon.colcon_core.package_identification:_identify(/home/pankaj/roschallenge_ws/src) by extensions ['colcon_pkg']
[4.438s] Level 1:colcon.colcon_core.package_identification:_identify(/home/pankaj/roschallenge_ws/src) by extension 'colcon_pkg'
[4.438s] Level 1:colcon.colcon_core.package_identification:_identify(/home/pankaj/roschallenge_ws/src) by extensions ['colcon_meta']
[4.438s] Level 1:colcon.colcon_core.package_identification:_identify(/home/pankaj/roschallenge_ws/src) by extension 'colcon_meta'
[4.438s] Level 1:colcon.colcon_core.package_identification:_identify(/home/pankaj/roschallenge_ws/src) by extensions ['ros']
[4.438s] Level 1:colcon.colcon_core.package_identification:_identify(/home/pankaj/roschallenge_ws/src) by extension 'ros'
[4.438s] Level 1:colcon.colcon_core.package_identification:_identify(/home/pankaj/roschallenge_ws/src) by extensions ['cmake', 'python']
[4.438s] Level 1:colcon.colcon_core.package_identification:_identify(/home/pankaj/roschallenge_ws/src) by extension 'cmake'
[4.439s] Level 1:colcon.colcon_core.package_identification:_identify(/home/pankaj/roschallenge_ws/src) by extension 'python'
[4.439s] Level 1:colcon.colcon_core.package_identification:_identify(/home/pankaj/roschallenge_ws/src) by extensions ['python_setup_py']
[4.439s] Level 1:colcon.colcon_core.package_identification:_identify(/home/pankaj/roschallenge_ws/src) by extension 'python_setup_py'
[4.439s] Level 1:colcon.colcon_core.package_identification:_identify(/home/pankaj/roschallenge_ws/src/hello_ros2) by extensions ['ignore', 'ignore_ament_install']
[4.439s] Level 1:colcon.colcon_core.package_identification:_identify(/home/pankaj/roschallenge_ws/src/hello_ros2) by extension 'ignore'
[4.440s] Level 1:colcon.colcon_core.package_identification:_identify(/home/pankaj/roschallenge_ws/src/hello_ros2) by extension 'ignore_ament_install'
[4.440s] Level 1:colcon.colcon_core.package_identification:_identify(/home/pankaj/roschallenge_ws/src/hello_ros2) by extensions ['colcon_pkg']
[4.441s] Level 1:colcon.colcon_core.package_identification:_identify(/home/pankaj/roschallenge_ws/src/hello_ros2) by extension 'colcon_pkg'
[4.442s] Level 1:colcon.colcon_core.package_identification:_identify(/home/pankaj/roschallenge_ws/src/hello_ros2) by extensions ['colcon_meta']
[4.442s] Level 1:colcon.colcon_core.package_identification:_identify(/home/pankaj/roschallenge_ws/src/hello_ros2) by extension 'colcon_meta'
[4.443s] Level 1:colcon.colcon_core.package_identification:_identify(/home/pankaj/roschallenge_ws/src/hello_ros2) by extensions ['ros']
[4.443s] Level 1:colcon.colcon_core.package_identification:_identify(/home/pankaj/roschallenge_ws/src/hello_ros2) by extension 'ros'
[4.451s] DEBUG:colcon.colcon_core.package_identification:Package '/home/pankaj/roschallenge_ws/src/hello_ros2' with type 'ros.ament_python' and name 'hello_ros2'
[4.451s] Level 1:colcon.colcon_core.package_discovery:discover_packages(recursive) using defaults
