[2.382s] DEBUG:colcon:Command line arguments: ['/usr/bin/colcon', 'build']
[2.383s] DEBUG:colcon:Parsed command line arguments: Namespace(log_base=None, log_level=None, verb_name='build', build_base='build', install_base='install', merge_install=False, symlink_install=False, test_result_base=None, continue_on_error=False, executor='parallel', parallel_workers=8, event_handlers=None, ignore_user_meta=False, metas=['./colcon.meta'], base_paths=['.'], packages_ignore=None, packages_ignore_regex=None, paths=None, packages_up_to=None, packages_up_to_regex=None, packages_above=None, packages_above_and_dependencies=None, packages_above_depth=None, packages_select_by_dep=None, packages_skip_by_dep=None, packages_skip_up_to=None, packages_select_build_failed=False, packages_skip_build_finished=False, packages_select_test_failures=False, packages_skip_test_passed=False, packages_select=None, packages_skip=None, packages_select_regex=None, packages_skip_regex=None, packages_start=None, packages_end=None, allow_overriding=[], cmake_args=None, cmake_target=None, cmake_target_skip_unavailable=False, cmake_clean_cache=False, cmake_clean_first=False, cmake_force_configure=False, ament_cmake_args=None, catkin_cmake_args=None, catkin_skip_building_tests=False, verb_parser=<colcon_defaults.argument_parser.defaults.DefaultArgumentsDecorator object at 0x7ef562775960>, verb_extension=<colcon_core.verb.build.BuildVerb object at 0x7ef5629132b0>, main=<bound method BuildVerb.main of <colcon_core.verb.build.BuildVerb object at 0x7ef5629132b0>>)
[2.496s] Level 1:colcon.colcon_core.package_discovery:discover_packages(colcon_meta) check parameters
[2.496s] Level 1:colcon.colcon_core.package_discovery:discover_packages(recursive) check parameters
[2.496s] Level 1:colcon.colcon_core.package_discovery:discover_packages(ignore) check parameters
[2.496s] Level 1:colcon.colcon_core.package_discovery:discover_packages(path) check parameters
[2.496s] Level 1:colcon.colcon_core.package_discovery:discover_packages(colcon_meta) discover
[2.496s] Level 1:colcon.colcon_core.package_discovery:discover_packages(recursive) discover
[2.496s] INFO:colcon.colcon_core.package_discovery:Crawling recursively for packages in '/home/pankaj/roschallenge_ws'
[2.496s] Level 1:colcon.colcon_core.package_identification:_identify(.) by extensions ['ignore', 'ignore_ament_install']
[2.497s] Level 1:colcon.colcon_core.package_identification:_identify(.) by extension 'ignore'
[2.497s] Level 1:colcon.colcon_core.package_identification:_identify(.) by extension 'ignore_ament_install'
[2.497s] Level 1:colcon.colcon_core.package_identification:_identify(.) by extensions ['colcon_pkg']
[2.497s] Level 1:colcon.colcon_core.package_identification:_identify(.) by extension 'colcon_pkg'
[2.497s] Level 1:colcon.colcon_core.package_identification:_identify(.) by extensions ['colcon_meta']
[2.497s] Level 1:colcon.colcon_core.package_identification:_identify(.) by extension 'colcon_meta'
[2.497s] Level 1:colcon.colcon_core.package_identification:_identify(.) by extensions ['ros']
[2.497s] Level 1:colcon.colcon_core.package_identification:_identify(.) by extension 'ros'
[2.563s] Level 1:colcon.colcon_core.package_identification:_identify(.) by extensions ['cmake', 'python']
[2.563s] Level 1:colcon.colcon_core.package_identification:_identify(.) by extension 'cmake'
[2.564s] Level 1:colcon.colcon_core.package_identification:_identify(.) by extension 'python'
[2.564s] Level 1:colcon.colcon_core.package_identification:_identify(.) by extensions ['python_setup_py']
[2.564s] Level 1:colcon.colcon_core.package_identification:_identify(.) by extension 'python_setup_py'
[2.564s] Level 1:colcon.colcon_core.package_identification:_identify(build) by extensions ['ignore', 'ignore_ament_install']
[2.564s] Level 1:colcon.colcon_core.package_identification:_identify(build) by extension 'ignore'
[2.564s] Level 1:colcon.colcon_core.package_identification:_identify(build) ignored
[2.564s] Level 1:colcon.colcon_core.package_identification:_identify(install) by extensions ['ignore', 'ignore_ament_install']
[2.564s] Level 1:colcon.colcon_core.package_identification:_identify(install) by extension 'ignore'
[2.565s] Level 1:colcon.colcon_core.package_identification:_identify(install) ignored
[2.565s] Level 1:colcon.colcon_core.package_identification:_identify(log) by extensions ['ignore', 'ignore_ament_install']
[2.565s] Level 1:colcon.colcon_core.package_identification:_identify(log) by extension 'ignore'
[2.565s] Level 1:colcon.colcon_core.package_identification:_identify(log) ignored
[2.565s] Level 1:colcon.colcon_core.package_identification:_identify(src) by extensions ['ignore', 'ignore_ament_install']
[2.566s] Level 1:colcon.colcon_core.package_identification:_identify(src) by extension 'ignore'
[2.567s] Level 1:colcon.colcon_core.package_identification:_identify(src) by extension 'ignore_ament_install'
[2.567s] Level 1:colcon.colcon_core.package_identification:_identify(src) by extensions ['colcon_pkg']
[2.567s] Level 1:colcon.colcon_core.package_identification:_identify(src) by extension 'colcon_pkg'
[2.568s] Level 1:colcon.colcon_core.package_identification:_identify(src) by extensions ['colcon_meta']
[2.568s] Level 1:colcon.colcon_core.package_identification:_identify(src) by extension 'colcon_meta'
[2.568s] Level 1:colcon.colcon_core.package_identification:_identify(src) by extensions ['ros']
[2.568s] Level 1:colcon.colcon_core.package_identification:_identify(src) by extension 'ros'
[2.568s] Level 1:colcon.colcon_core.package_identification:_identify(src) by extensions ['cmake', 'python']
[2.568s] Level 1:colcon.colcon_core.package_identification:_identify(src) by extension 'cmake'
[2.568s] Level 1:colcon.colcon_core.package_identification:_identify(src) by extension 'python'
[2.568s] Level 1:colcon.colcon_core.package_identification:_identify(src) by extensions ['python_setup_py']
[2.568s] Level 1:colcon.colcon_core.package_identification:_identify(src) by extension 'python_setup_py'
[2.569s] Level 1:colcon.colcon_core.package_identification:_identify(src/build) by extensions ['ignore', 'ignore_ament_install']
[2.569s] Level 1:colcon.colcon_core.package_identification:_identify(src/build) by extension 'ignore'
[2.570s] Level 1:colcon.colcon_core.package_identification:_identify(src/build) ignored
[2.570s] Level 1:colcon.colcon_core.package_identification:_identify(src/hello_ros2) by extensions ['ignore', 'ignore_ament_install']
[2.571s] Level 1:colcon.colcon_core.package_identification:_identify(src/hello_ros2) by extension 'ignore'
[2.572s] Level 1:colcon.colcon_core.package_identification:_identify(src/hello_ros2) by extension 'ignore_ament_install'
[2.572s] Level 1:colcon.colcon_core.package_identification:_identify(src/hello_ros2) by extensions ['colcon_pkg']
[2.572s] Level 1:colcon.colcon_core.package_identification:_identify(src/hello_ros2) by extension 'colcon_pkg'
[2.572s] Level 1:colcon.colcon_core.package_identification:_identify(src/hello_ros2) by extensions ['colcon_meta']
[2.572s] Level 1:colcon.colcon_core.package_identification:_identify(src/hello_ros2) by extension 'colcon_meta'
[2.572s] Level 1:colcon.colcon_core.package_identification:_identify(src/hello_ros2) by extensions ['ros']
[2.572s] Level 1:colcon.colcon_core.package_identification:_identify(src/hello_ros2) by extension 'ros'
[2.576s] DEBUG:colcon.colcon_core.package_identification:Package 'src/hello_ros2' with type 'ros.ament_python' and name 'hello_ros2'
[2.576s] Level 1:colcon.colcon_core.package_identification:_identify(src/install) by extensions ['ignore', 'ignore_ament_install']
[2.576s] Level 1:colcon.colcon_core.package_identification:_identify(src/install) by extension 'ignore'
[2.576s] Level 1:colcon.colcon_core.package_identification:_identify(src/install) ignored
[2.576s] Level 1:colcon.colcon_core.package_identification:_identify(src/log) by extensions ['ignore', 'ignore_ament_install']
[2.577s] Level 1:colcon.colcon_core.package_identification:_identify(src/log) by extension 'ignore'
[2.577s] Level 1:colcon.colcon_core.package_identification:_identify(src/log) ignored
[2.577s] Level 1:colcon.colcon_core.package_discovery:discover_packages(recursive) using defaults
[2.577s] Level 1:colcon.colcon_core.package_discovery:discover_packages(ignore) discover
[2.577s] Level 1:colcon.colcon_core.package_discovery:discover_packages(ignore) using defaults
[2.577s] Level 1:colcon.colcon_core.package_discovery:discover_packages(path) discover
[2.577s] Level 1:colcon.colcon_core.package_discovery:discover_packages(path) using defaults
[2.784s] Level 1:colcon.colcon_core.package_discovery:discover_packages(prefix_path) check parameters
[2.784s] Level 1:colcon.colcon_core.package_discovery:discover_packages(prefix_path) discover
[2.850s] DEBUG:colcon.colcon_installed_package_information.package_discovery:Found 1 installed packages in /home/pankaj/roschallenge_ws/install
[2.889s] DEBUG:colcon.colcon_installed_package_information.package_discovery:Found 4 installed packages in /home/pankaj/firstros2_ws/install
[2.925s] DEBUG:colcon.colcon_installed_package_information.package_discovery:Found 3 installed packages in /home/pankaj/turtlebot3_ws/install
[2.958s] DEBUG:colcon.colcon_installed_package_information.package_discovery:Found 343 installed packages in /opt/ros/humble
[2.960s] Level 1:colcon.colcon_core.package_discovery:discover_packages(prefix_path) using defaults
[3.237s] Level 5:colcon.colcon_core.verb:set package 'hello_ros2' build argument 'cmake_args' from command line to 'None'
[3.237s] Level 5:colcon.colcon_core.verb:set package 'hello_ros2' build argument 'cmake_target' from command line to 'None'
[3.237s] Level 5:colcon.colcon_core.verb:set package 'hello_ros2' build argument 'cmake_target_skip_unavailable' from command line to 'False'
[3.237s] Level 5:colcon.colcon_core.verb:set package 'hello_ros2' build argument 'cmake_clean_cache' from command line to 'False'
[3.237s] Level 5:colcon.colcon_core.verb:set package 'hello_ros2' build argument 'cmake_clean_first' from command line to 'False'
[3.237s] Level 5:colcon.colcon_core.verb:set package 'hello_ros2' build argument 'cmake_force_configure' from command line to 'False'
[3.237s] Level 5:colcon.colcon_core.verb:set package 'hello_ros2' build argument 'ament_cmake_args' from command line to 'None'
[3.238s] Level 5:colcon.colcon_core.verb:set package 'hello_ros2' build argument 'catkin_cmake_args' from command line to 'None'
[3.238s] Level 5:colcon.colcon_core.verb:set package 'hello_ros2' build argument 'catkin_skip_building_tests' from command line to 'False'
[3.238s] DEBUG:colcon.colcon_core.verb:Building package 'hello_ros2' with the following arguments: {'ament_cmake_args': None, 'build_base': '/home/pankaj/roschallenge_ws/build/hello_ros2', 'catkin_cmake_args': None, 'catkin_skip_building_tests': False, 'cmake_args': None, 'cmake_clean_cache': False, 'cmake_clean_first': False, 'cmake_force_configure': False, 'cmake_target': None, 'cmake_target_skip_unavailable': False, 'install_base': '/home/pankaj/roschallenge_ws/install/hello_ros2', 'merge_install': False, 'path': '/home/pankaj/roschallenge_ws/src/hello_ros2', 'symlink_install': False, 'test_result_base': None}
[3.271s] INFO:colcon.colcon_core.executor:Executing jobs using 'parallel' executor
[3.311s] DEBUG:colcon.colcon_parallel_executor.executor.parallel:run_until_complete
[3.312s] INFO:colcon.colcon_ros.task.ament_python.build:Building ROS package in '/home/pankaj/roschallenge_ws/src/hello_ros2' with build type 'ament_python'
[3.312s] Level 1:colcon.colcon_core.shell:create_environment_hook('hello_ros2', 'ament_prefix_path')
[3.365s] INFO:colcon.colcon_core.plugin_system:Skipping extension 'colcon_core.shell.bat': Not used on non-Windows systems
[3.366s] INFO:colcon.colcon_core.shell:Creating environment hook '/home/pankaj/roschallenge_ws/install/hello_ros2/share/hello_ros2/hook/ament_prefix_path.ps1'
[3.368s] INFO:colcon.colcon_core.shell:Creating environment descriptor '/home/pankaj/roschallenge_ws/install/hello_ros2/share/hello_ros2/hook/ament_prefix_path.dsv'
[3.372s] INFO:colcon.colcon_core.shell:Creating environment hook '/home/pankaj/roschallenge_ws/install/hello_ros2/share/hello_ros2/hook/ament_prefix_path.sh'
[3.430s] INFO:colcon.colcon_core.shell:Skip shell extension 'powershell' for command environment: Not usable outside of PowerShell
[3.458s] DEBUG:colcon.colcon_core.shell:Skip shell extension 'dsv' for command environment
[4.438s] INFO:colcon.colcon_core.task.python.build:Building Python package in '/home/pankaj/roschallenge_ws/src/hello_ros2'
[4.491s] INFO:colcon.colcon_core.shell:Skip shell extension 'powershell' for command environment: Not usable outside of PowerShell
[4.492s] DEBUG:colcon.colcon_core.shell:Skip shell extension 'dsv' for command environment
[5.726s] DEBUG:colcon.colcon_core.event_handler.log_command:Invoking command in '/home/pankaj/roschallenge_ws/src/hello_ros2': PYTHONPATH=/home/pankaj/roschallenge_ws/build/hello_ros2/prefix_override:/home/pankaj/roschallenge_ws/install/hello_ros2/lib/python3.10/site-packages:${PYTHONPATH} /usr/bin/python3 setup.py egg_info --egg-base ../../build/hello_ros2 build --build-base /home/pankaj/roschallenge_ws/build/hello_ros2/build install --record /home/pankaj/roschallenge_ws/build/hello_ros2/install.log --single-version-externally-managed
[6.549s] DEBUG:colcon.colcon_core.event_handler.log_command:Invoked command in '/home/pankaj/roschallenge_ws/src/hello_ros2' returned '0': PYTHONPATH=/home/pankaj/roschallenge_ws/build/hello_ros2/prefix_override:/home/pankaj/roschallenge_ws/install/hello_ros2/lib/python3.10/site-packages:${PYTHONPATH} /usr/bin/python3 setup.py egg_info --egg-base ../../build/hello_ros2 build --build-base /home/pankaj/roschallenge_ws/build/hello_ros2/build install --record /home/pankaj/roschallenge_ws/build/hello_ros2/install.log --single-version-externally-managed
[6.603s] Level 1:colcon.colcon_core.environment:checking '/home/pankaj/roschallenge_ws/install/hello_ros2' for CMake module files
[6.604s] Level 1:colcon.colcon_core.environment:checking '/home/pankaj/roschallenge_ws/install/hello_ros2' for CMake config files
[6.605s] Level 1:colcon.colcon_core.environment:checking '/home/pankaj/roschallenge_ws/install/hello_ros2/lib'
[6.606s] Level 1:colcon.colcon_core.environment:checking '/home/pankaj/roschallenge_ws/install/hello_ros2/bin'
[6.606s] Level 1:colcon.colcon_core.environment:checking '/home/pankaj/roschallenge_ws/install/hello_ros2/lib/pkgconfig/hello_ros2.pc'
[6.606s] Level 1:colcon.colcon_core.environment:checking '/home/pankaj/roschallenge_ws/install/hello_ros2/lib/python3.10/site-packages'
[6.606s] Level 1:colcon.colcon_core.shell:create_environment_hook('hello_ros2', 'pythonpath')
[6.647s] INFO:colcon.colcon_core.shell:Creating environment hook '/home/pankaj/roschallenge_ws/install/hello_ros2/share/hello_ros2/hook/pythonpath.ps1'
[6.650s] INFO:colcon.colcon_core.shell:Creating environment descriptor '/home/pankaj/roschallenge_ws/install/hello_ros2/share/hello_ros2/hook/pythonpath.dsv'
[6.651s] INFO:colcon.colcon_core.shell:Creating environment hook '/home/pankaj/roschallenge_ws/install/hello_ros2/share/hello_ros2/hook/pythonpath.sh'
[6.652s] Level 1:colcon.colcon_core.environment:checking '/home/pankaj/roschallenge_ws/install/hello_ros2/bin'
[6.652s] Level 1:colcon.colcon_core.environment:create_environment_scripts_only(hello_ros2)
[6.699s] INFO:colcon.colcon_core.shell:Creating package script '/home/pankaj/roschallenge_ws/install/hello_ros2/share/hello_ros2/package.ps1'
[6.700s] INFO:colcon.colcon_core.shell:Creating package descriptor '/home/pankaj/roschallenge_ws/install/hello_ros2/share/hello_ros2/package.dsv'
[6.701s] INFO:colcon.colcon_core.shell:Creating package script '/home/pankaj/roschallenge_ws/install/hello_ros2/share/hello_ros2/package.sh'
[6.702s] INFO:colcon.colcon_core.shell:Creating package script '/home/pankaj/roschallenge_ws/install/hello_ros2/share/hello_ros2/package.bash'
[6.703s] INFO:colcon.colcon_core.shell:Creating package script '/home/pankaj/roschallenge_ws/install/hello_ros2/share/hello_ros2/package.zsh'
[6.704s] Level 1:colcon.colcon_core.environment:create_file_with_runtime_dependencies(/home/pankaj/roschallenge_ws/install/hello_ros2/share/colcon-core/packages/hello_ros2)
[6.705s] DEBUG:colcon.colcon_parallel_executor.executor.parallel:closing loop
[6.705s] DEBUG:colcon.colcon_parallel_executor.executor.parallel:loop closed
[6.706s] DEBUG:colcon.colcon_parallel_executor.executor.parallel:run_until_complete finished with '0'
[6.706s] DEBUG:colcon.colcon_core.event_reactor:joining thread
[6.772s] INFO:colcon.colcon_core.plugin_system:Skipping extension 'colcon_notification.desktop_notification.terminal_notifier': Not used on non-Darwin systems
[6.773s] INFO:colcon.colcon_core.plugin_system:Skipping extension 'colcon_notification.desktop_notification.win32': Not used on non-Windows systems
[6.773s] INFO:colcon.colcon_notification.desktop_notification:Sending desktop notification using 'notify2'
[6.806s] DEBUG:colcon.colcon_core.event_reactor:joined thread
[6.854s] INFO:colcon.colcon_core.shell:Creating prefix script '/home/pankaj/roschallenge_ws/install/local_setup.ps1'
[6.859s] INFO:colcon.colcon_core.shell:Creating prefix util module '/home/pankaj/roschallenge_ws/install/_local_setup_util_ps1.py'
[6.863s] INFO:colcon.colcon_core.shell:Creating prefix chain script '/home/pankaj/roschallenge_ws/install/setup.ps1'
[6.911s] INFO:colcon.colcon_core.shell:Creating prefix script '/home/pankaj/roschallenge_ws/install/local_setup.sh'
[6.912s] INFO:colcon.colcon_core.shell:Creating prefix util module '/home/pankaj/roschallenge_ws/install/_local_setup_util_sh.py'
[6.913s] INFO:colcon.colcon_core.shell:Creating prefix chain script '/home/pankaj/roschallenge_ws/install/setup.sh'
[6.961s] INFO:colcon.colcon_core.shell:Creating prefix script '/home/pankaj/roschallenge_ws/install/local_setup.bash'
[6.962s] INFO:colcon.colcon_core.shell:Creating prefix chain script '/home/pankaj/roschallenge_ws/install/setup.bash'
[7.007s] INFO:colcon.colcon_core.shell:Creating prefix script '/home/pankaj/roschallenge_ws/install/local_setup.zsh'
[7.008s] INFO:colcon.colcon_core.shell:Creating prefix chain script '/home/pankaj/roschallenge_ws/install/setup.zsh'
