[2.591s] Invoking command in '/home/pankaj/roschallenge_ws/src/hello_ros2': PYTHONPATH=/home/pankaj/roschallenge_ws/build/hello_ros2/prefix_override:/home/pankaj/roschallenge_ws/install/hello_ros2/lib/python3.10/site-packages:${PYTHONPATH} /usr/bin/python3 setup.py egg_info --egg-base ../../build/hello_ros2 build --build-base /home/pankaj/roschallenge_ws/build/hello_ros2/build install --record /home/pankaj/roschallenge_ws/build/hello_ros2/install.log --single-version-externally-managed
[3.213s] running egg_info
[3.213s] creating ../../build/hello_ros2/hello_ros2.egg-info
[3.213s] writing ../../build/hello_ros2/hello_ros2.egg-info/PKG-INFO
[3.214s] writing dependency_links to ../../build/hello_ros2/hello_ros2.egg-info/dependency_links.txt
[3.214s] writing entry points to ../../build/hello_ros2/hello_ros2.egg-info/entry_points.txt
[3.214s] writing requirements to ../../build/hello_ros2/hello_ros2.egg-info/requires.txt
[3.214s] writing top-level names to ../../build/hello_ros2/hello_ros2.egg-info/top_level.txt
[3.215s] writing manifest file '../../build/hello_ros2/hello_ros2.egg-info/SOURCES.txt'
[3.219s] reading manifest file '../../build/hello_ros2/hello_ros2.egg-info/SOURCES.txt'
[3.220s] writing manifest file '../../build/hello_ros2/hello_ros2.egg-info/SOURCES.txt'
[3.221s] running build
[3.221s] running build_py
[3.221s] creating /home/pankaj/roschallenge_ws/build/hello_ros2/build
[3.221s] creating /home/pankaj/roschallenge_ws/build/hello_ros2/build/lib
[3.221s] creating /home/pankaj/roschallenge_ws/build/hello_ros2/build/lib/hello_ros2
[3.222s] copying hello_ros2/__init__.py -> /home/pankaj/roschallenge_ws/build/hello_ros2/build/lib/hello_ros2
[3.222s] copying hello_ros2/subscriber.py -> /home/pankaj/roschallenge_ws/build/hello_ros2/build/lib/hello_ros2
[3.222s] copying hello_ros2/publisher.py -> /home/pankaj/roschallenge_ws/build/hello_ros2/build/lib/hello_ros2
[3.222s] running install
[3.224s] running install_lib
[3.225s] creating /home/pankaj/roschallenge_ws/install/hello_ros2/lib/python3.10/site-packages/hello_ros2
[3.225s] copying /home/pankaj/roschallenge_ws/build/hello_ros2/build/lib/hello_ros2/__init__.py -> /home/pankaj/roschallenge_ws/install/hello_ros2/lib/python3.10/site-packages/hello_ros2
[3.225s] copying /home/pankaj/roschallenge_ws/build/hello_ros2/build/lib/hello_ros2/subscriber.py -> /home/pankaj/roschallenge_ws/install/hello_ros2/lib/python3.10/site-packages/hello_ros2
[3.225s] copying /home/pankaj/roschallenge_ws/build/hello_ros2/build/lib/hello_ros2/publisher.py -> /home/pankaj/roschallenge_ws/install/hello_ros2/lib/python3.10/site-packages/hello_ros2
[3.226s] byte-compiling /home/pankaj/roschallenge_ws/install/hello_ros2/lib/python3.10/site-packages/hello_ros2/__init__.py to __init__.cpython-310.pyc
[3.226s] byte-compiling /home/pankaj/roschallenge_ws/install/hello_ros2/lib/python3.10/site-packages/hello_ros2/subscriber.py to subscriber.cpython-310.pyc
[3.227s] byte-compiling /home/pankaj/roschallenge_ws/install/hello_ros2/lib/python3.10/site-packages/hello_ros2/publisher.py to publisher.cpython-310.pyc
[3.227s] running install_data
[3.228s] creating /home/pankaj/roschallenge_ws/install/hello_ros2/share/ament_index
[3.228s] creating /home/pankaj/roschallenge_ws/install/hello_ros2/share/ament_index/resource_index
[3.229s] creating /home/pankaj/roschallenge_ws/install/hello_ros2/share/ament_index/resource_index/packages
[3.229s] copying resource/hello_ros2 -> /home/pankaj/roschallenge_ws/install/hello_ros2/share/ament_index/resource_index/packages
[3.229s] copying package.xml -> /home/pankaj/roschallenge_ws/install/hello_ros2/share/hello_ros2
[3.229s] running install_egg_info
[3.231s] Copying ../../build/hello_ros2/hello_ros2.egg-info to /home/pankaj/roschallenge_ws/install/hello_ros2/lib/python3.10/site-packages/hello_ros2-0.0.0-py3.10.egg-info
[3.232s] running install_scripts
[3.289s] writing list of installed files to '/home/pankaj/roschallenge_ws/build/hello_ros2/install.log'
[3.352s] Invoked command in '/home/pankaj/roschallenge_ws/src/hello_ros2' returned '0': PYTHONPATH=/home/pankaj/roschallenge_ws/build/hello_ros2/prefix_override:/home/pankaj/roschallenge_ws/install/hello_ros2/lib/python3.10/site-packages:${PYTHONPATH} /usr/bin/python3 setup.py egg_info --egg-base ../../build/hello_ros2 build --build-base /home/pankaj/roschallenge_ws/build/hello_ros2/build install --record /home/pankaj/roschallenge_ws/build/hello_ros2/install.log --single-version-externally-managed
