running egg_info
writing ../../build/hello_ros2/hello_ros2.egg-info/PKG-INFO
writing dependency_links to ../../build/hello_ros2/hello_ros2.egg-info/dependency_links.txt
writing entry points to ../../build/hello_ros2/hello_ros2.egg-info/entry_points.txt
writing requirements to ../../build/hello_ros2/hello_ros2.egg-info/requires.txt
writing top-level names to ../../build/hello_ros2/hello_ros2.egg-info/top_level.txt
reading manifest file '../../build/hello_ros2/hello_ros2.egg-info/SOURCES.txt'
writing manifest file '../../build/hello_ros2/hello_ros2.egg-info/SOURCES.txt'
running build
running build_py
copying hello_ros2/subscriber.py -> /home/pankaj/roschallenge_ws/build/hello_ros2/build/lib/hello_ros2
copying hello_ros2/publisher.py -> /home/pankaj/roschallenge_ws/build/hello_ros2/build/lib/hello_ros2
running install
running install_lib
copying /home/pankaj/roschallenge_ws/build/hello_ros2/build/lib/hello_ros2/subscriber.py -> /home/pankaj/roschallenge_ws/install/hello_ros2/lib/python3.10/site-packages/hello_ros2
copying /home/pankaj/roschallenge_ws/build/hello_ros2/build/lib/hello_ros2/publisher.py -> /home/pankaj/roschallenge_ws/install/hello_ros2/lib/python3.10/site-packages/hello_ros2
byte-compiling /home/pankaj/roschallenge_ws/install/hello_ros2/lib/python3.10/site-packages/hello_ros2/subscriber.py to subscriber.cpython-310.pyc
byte-compiling /home/pankaj/roschallenge_ws/install/hello_ros2/lib/python3.10/site-packages/hello_ros2/publisher.py to publisher.cpython-310.pyc
running install_data
running install_egg_info
removing '/home/pankaj/roschallenge_ws/install/hello_ros2/lib/python3.10/site-packages/hello_ros2-0.0.0-py3.10.egg-info' (and everything under it)
Copying ../../build/hello_ros2/hello_ros2.egg-info to /home/pankaj/roschallenge_ws/install/hello_ros2/lib/python3.10/site-packages/hello_ros2-0.0.0-py3.10.egg-info
running install_scripts
writing list of installed files to '/home/pankaj/roschallenge_ws/build/hello_ros2/install.log'
