[3.399s] Invoking command in '/home/pankaj/roschallenge_ws/src/hello_ros2': PYTHONPATH=/home/pankaj/roschallenge_ws/build/hello_ros2/prefix_override:/home/pankaj/roschallenge_ws/install/hello_ros2/lib/python3.10/site-packages:${PYTHONPATH} /usr/bin/python3 setup.py egg_info --egg-base ../../build/hello_ros2 build --build-base /home/pankaj/roschallenge_ws/build/hello_ros2/build install --record /home/pankaj/roschallenge_ws/build/hello_ros2/install.log --single-version-externally-managed
[4.266s] running egg_info
[4.267s] writing ../../build/hello_ros2/hello_ros2.egg-info/PKG-INFO
[4.268s] writing dependency_links to ../../build/hello_ros2/hello_ros2.egg-info/dependency_links.txt
[4.268s] writing entry points to ../../build/hello_ros2/hello_ros2.egg-info/entry_points.txt
[4.268s] writing requirements to ../../build/hello_ros2/hello_ros2.egg-info/requires.txt
[4.268s] writing top-level names to ../../build/hello_ros2/hello_ros2.egg-info/top_level.txt
[4.274s] reading manifest file '../../build/hello_ros2/hello_ros2.egg-info/SOURCES.txt'
[4.275s] writing manifest file '../../build/hello_ros2/hello_ros2.egg-info/SOURCES.txt'
[4.275s] running build
[4.275s] running build_py
[4.276s] copying hello_ros2/subscriber.py -> /home/pankaj/roschallenge_ws/build/hello_ros2/build/lib/hello_ros2
[4.277s] copying hello_ros2/publisher.py -> /home/pankaj/roschallenge_ws/build/hello_ros2/build/lib/hello_ros2
[4.279s] running install
[4.279s] running install_lib
[4.283s] copying /home/pankaj/roschallenge_ws/build/hello_ros2/build/lib/hello_ros2/subscriber.py -> /home/pankaj/roschallenge_ws/install/hello_ros2/lib/python3.10/site-packages/hello_ros2
[4.284s] copying /home/pankaj/roschallenge_ws/build/hello_ros2/build/lib/hello_ros2/publisher.py -> /home/pankaj/roschallenge_ws/install/hello_ros2/lib/python3.10/site-packages/hello_ros2
[4.285s] byte-compiling /home/pankaj/roschallenge_ws/install/hello_ros2/lib/python3.10/site-packages/hello_ros2/subscriber.py to subscriber.cpython-310.pyc
[4.286s] byte-compiling /home/pankaj/roschallenge_ws/install/hello_ros2/lib/python3.10/site-packages/hello_ros2/publisher.py to publisher.cpython-310.pyc
[4.287s] running install_data
[4.288s] running install_egg_info
[4.291s] removing '/home/pankaj/roschallenge_ws/install/hello_ros2/lib/python3.10/site-packages/hello_ros2-0.0.0-py3.10.egg-info' (and everything under it)
[4.293s] Copying ../../build/hello_ros2/hello_ros2.egg-info to /home/pankaj/roschallenge_ws/install/hello_ros2/lib/python3.10/site-packages/hello_ros2-0.0.0-py3.10.egg-info
[4.299s] running install_scripts
[4.352s] writing list of installed files to '/home/pankaj/roschallenge_ws/build/hello_ros2/install.log'
[4.446s] Invoked command in '/home/pankaj/roschallenge_ws/src/hello_ros2' returned '0': PYTHONPATH=/home/pankaj/roschallenge_ws/build/hello_ros2/prefix_override:/home/pankaj/roschallenge_ws/install/hello_ros2/lib/python3.10/site-packages:${PYTHONPATH} /usr/bin/python3 setup.py egg_info --egg-base ../../build/hello_ros2 build --build-base /home/pankaj/roschallenge_ws/build/hello_ros2/build install --record /home/pankaj/roschallenge_ws/build/hello_ros2/install.log --single-version-externally-managed
